# Logfile created on Wed Dec 09 15:45:41 -0600 2009 by logger.rb/22285
I, [2009-12-09T15:45:41.898322 #24580]  INFO -- : WEBrick 1.3.1
I, [2009-12-09T15:45:41.898392 #24580]  INFO -- : ruby 1.8.7 (2009-06-12) [i486-linux]
D, [2009-12-09T15:45:46.978791 #24580] DEBUG -- : TCPServer.new(0.0.0.0, 4000)
D, [2009-12-09T15:45:46.979023 #24580] DEBUG -- : WEBrick::HTTPServlet::FileHandler is mounted on /.
D, [2009-12-09T15:45:46.981895 #24580] DEBUG -- : OMF::ExperimentController::Web::Dashboard::DashboardServlet is mounted on /dashboard/show.
D, [2009-12-09T15:45:46.982936 #24580] DEBUG -- : OMF::ExperimentController::Web::Dashboard::DashboardServlet is mounted on /.
D, [2009-12-09T15:45:46.983044 #24580] DEBUG -- : OMF::ExperimentController::Web::Code::CodeServlet is mounted on /code/show.
D, [2009-12-09T15:45:46.983135 #24580] DEBUG -- : OMF::ExperimentController::Web::Graph::GraphServlet is mounted on /graph/show.
D, [2009-12-09T15:45:46.983212 #24580] DEBUG -- : OMF::ExperimentController::Web::Graph::ConfigServlet is mounted on /graph/config.
D, [2009-12-09T15:45:46.983291 #24580] DEBUG -- : OMF::ExperimentController::Web::Graph::TestDataServlet is mounted on /graph/result.
D, [2009-12-09T15:45:46.983384 #24580] DEBUG -- : OMF::ExperimentController::Web::Log::LogServlet is mounted on /log/show.
D, [2009-12-09T15:45:46.983467 #24580] DEBUG -- : OMF::ExperimentController::Web::Log::LogUpdateServlet is mounted on /log/update.
D, [2009-12-09T15:45:46.983562 #24580] DEBUG -- : OMF::ExperimentController::Web::State::XMLStateServlet is mounted on /xml.
D, [2009-12-09T15:45:46.983649 #24580] DEBUG -- : OMF::ExperimentController::Web::State::XPathServlet is mounted on /xpath.
D, [2009-12-09T15:45:46.983736 #24580] DEBUG -- : OMF::ExperimentController::Web::State::ViewServlet is mounted on /state/show.
D, [2009-12-09T15:45:46.983848 #24580] DEBUG -- : #<WEBrick::HTTPServlet::ProcHandler:0xb6cc5360 @proc=#<Proc:0xb7974d40@/usr/lib/ruby/1.8/omf-expctl/web/webServer.rb:109>> is mounted on /exp_id.
D, [2009-12-09T15:45:46.983949 #24580] DEBUG -- : #<WEBrick::HTTPServlet::ProcHandler:0xb6cc3c7c @proc=#<Proc:0xb7974a0c@/usr/lib/ruby/1.8/omf-expctl/web/webServer.rb:113>> is mounted on /crossdomain.xml.
D, [2009-12-09T15:45:46.984132 #24580] DEBUG -- : WEBrick::HTTPServlet::FileHandler is mounted on /resource.
I, [2009-12-09T15:45:51.987794 #24580]  INFO -- : WEBrick::HTTPServer#start: pid=24580 port=4000
I, [2009-12-09T15:48:33.101241 #24580]  INFO -- : going to shutdown ...
D, [2009-12-09T15:48:33.101333 #24580] DEBUG -- : close TCPSocket(0.0.0.0, 4000)
I, [2009-12-09T15:48:33.101579 #24580]  INFO -- : WEBrick::HTTPServer#start done.
