# Logfile created on Wed Dec 09 15:54:43 -0600 2009 by logger.rb/22285
I, [2009-12-09T15:54:43.443691 #32048]  INFO -- : WEBrick 1.3.1
I, [2009-12-09T15:54:43.443760 #32048]  INFO -- : ruby 1.8.7 (2009-06-12) [i486-linux]
D, [2009-12-09T15:54:48.454341 #32048] DEBUG -- : TCPServer.new(0.0.0.0, 4000)
D, [2009-12-09T15:54:48.454569 #32048] DEBUG -- : WEBrick::HTTPServlet::FileHandler is mounted on /.
D, [2009-12-09T15:54:48.457455 #32048] DEBUG -- : OMF::ExperimentController::Web::Dashboard::DashboardServlet is mounted on /dashboard/show.
D, [2009-12-09T15:54:48.457549 #32048] DEBUG -- : OMF::ExperimentController::Web::Dashboard::DashboardServlet is mounted on /.
D, [2009-12-09T15:54:48.457636 #32048] DEBUG -- : OMF::ExperimentController::Web::Code::CodeServlet is mounted on /code/show.
D, [2009-12-09T15:54:48.457728 #32048] DEBUG -- : OMF::ExperimentController::Web::Graph::GraphServlet is mounted on /graph/show.
D, [2009-12-09T15:54:48.457805 #32048] DEBUG -- : OMF::ExperimentController::Web::Graph::ConfigServlet is mounted on /graph/config.
D, [2009-12-09T15:54:48.457890 #32048] DEBUG -- : OMF::ExperimentController::Web::Graph::TestDataServlet is mounted on /graph/result.
D, [2009-12-09T15:54:48.457984 #32048] DEBUG -- : OMF::ExperimentController::Web::Log::LogServlet is mounted on /log/show.
D, [2009-12-09T15:54:48.458066 #32048] DEBUG -- : OMF::ExperimentController::Web::Log::LogUpdateServlet is mounted on /log/update.
D, [2009-12-09T15:54:48.458157 #32048] DEBUG -- : OMF::ExperimentController::Web::State::XMLStateServlet is mounted on /xml.
D, [2009-12-09T15:54:48.458242 #32048] DEBUG -- : OMF::ExperimentController::Web::State::XPathServlet is mounted on /xpath.
D, [2009-12-09T15:54:48.458330 #32048] DEBUG -- : OMF::ExperimentController::Web::State::ViewServlet is mounted on /state/show.
D, [2009-12-09T15:54:48.458441 #32048] DEBUG -- : #<WEBrick::HTTPServlet::ProcHandler:0xb6c911a0 @proc=#<Proc:0xb7940d74@/usr/lib/ruby/1.8/omf-expctl/web/webServer.rb:109>> is mounted on /exp_id.
D, [2009-12-09T15:54:48.458541 #32048] DEBUG -- : #<WEBrick::HTTPServlet::ProcHandler:0xb6c8fabc @proc=#<Proc:0xb7940a40@/usr/lib/ruby/1.8/omf-expctl/web/webServer.rb:113>> is mounted on /crossdomain.xml.
D, [2009-12-09T15:54:48.458723 #32048] DEBUG -- : WEBrick::HTTPServlet::FileHandler is mounted on /resource.
I, [2009-12-09T15:54:53.461655 #32048]  INFO -- : WEBrick::HTTPServer#start: pid=32048 port=4000
I, [2009-12-09T15:57:34.556728 #32048]  INFO -- : going to shutdown ...
D, [2009-12-09T15:57:34.556822 #32048] DEBUG -- : close TCPSocket(0.0.0.0, 4000)
I, [2009-12-09T15:57:34.556940 #32048]  INFO -- : WEBrick::HTTPServer#start done.
