# Logfile created on Wed Dec 09 17:29:29 -0600 2009 by logger.rb/22285
I, [2009-12-09T17:29:29.698353 #24604]  INFO -- : WEBrick 1.3.1
I, [2009-12-09T17:29:29.698419 #24604]  INFO -- : ruby 1.8.7 (2009-06-12) [i486-linux]
D, [2009-12-09T17:29:34.709251 #24604] DEBUG -- : TCPServer.new(0.0.0.0, 4000)
D, [2009-12-09T17:29:34.709528 #24604] DEBUG -- : WEBrick::HTTPServlet::FileHandler is mounted on /.
D, [2009-12-09T17:29:34.712349 #24604] DEBUG -- : OMF::ExperimentController::Web::Dashboard::DashboardServlet is mounted on /dashboard/show.
D, [2009-12-09T17:29:34.712444 #24604] DEBUG -- : OMF::ExperimentController::Web::Dashboard::DashboardServlet is mounted on /.
D, [2009-12-09T17:29:34.712528 #24604] DEBUG -- : OMF::ExperimentController::Web::Code::CodeServlet is mounted on /code/show.
D, [2009-12-09T17:29:34.712617 #24604] DEBUG -- : OMF::ExperimentController::Web::Graph::GraphServlet is mounted on /graph/show.
D, [2009-12-09T17:29:34.712701 #24604] DEBUG -- : OMF::ExperimentController::Web::Graph::ConfigServlet is mounted on /graph/config.
D, [2009-12-09T17:29:34.712781 #24604] DEBUG -- : OMF::ExperimentController::Web::Graph::TestDataServlet is mounted on /graph/result.
D, [2009-12-09T17:29:34.712872 #24604] DEBUG -- : OMF::ExperimentController::Web::Log::LogServlet is mounted on /log/show.
D, [2009-12-09T17:29:34.712958 #24604] DEBUG -- : OMF::ExperimentController::Web::Log::LogUpdateServlet is mounted on /log/update.
D, [2009-12-09T17:29:34.713048 #24604] DEBUG -- : OMF::ExperimentController::Web::State::XMLStateServlet is mounted on /xml.
D, [2009-12-09T17:29:34.713139 #24604] DEBUG -- : OMF::ExperimentController::Web::State::XPathServlet is mounted on /xpath.
D, [2009-12-09T17:29:34.713224 #24604] DEBUG -- : OMF::ExperimentController::Web::State::ViewServlet is mounted on /state/show.
D, [2009-12-09T17:29:34.713337 #24604] DEBUG -- : #<WEBrick::HTTPServlet::ProcHandler:0xb6cbf21c @proc=#<Proc:0xb79852a8@/usr/lib/ruby/1.8/omf-expctl/web/webServer.rb:109>> is mounted on /exp_id.
D, [2009-12-09T17:29:34.713440 #24604] DEBUG -- : #<WEBrick::HTTPServlet::ProcHandler:0xb6cbdb38 @proc=#<Proc:0xb7984f74@/usr/lib/ruby/1.8/omf-expctl/web/webServer.rb:113>> is mounted on /crossdomain.xml.
D, [2009-12-09T17:29:34.713618 #24604] DEBUG -- : WEBrick::HTTPServlet::FileHandler is mounted on /resource.
I, [2009-12-09T17:29:39.714575 #24604]  INFO -- : WEBrick::HTTPServer#start: pid=24604 port=4000
I, [2009-12-09T17:32:20.809151 #24604]  INFO -- : going to shutdown ...
D, [2009-12-09T17:32:20.809249 #24604] DEBUG -- : close TCPSocket(0.0.0.0, 4000)
I, [2009-12-09T17:32:20.809377 #24604]  INFO -- : WEBrick::HTTPServer#start done.
