# Logfile created on Wed Dec 09 16:29:12 -0600 2009 by logger.rb/22285
I, [2009-12-09T16:29:12.102699 #9632]  INFO -- : WEBrick 1.3.1
I, [2009-12-09T16:29:12.102764 #9632]  INFO -- : ruby 1.8.7 (2009-06-12) [i486-linux]
D, [2009-12-09T16:29:17.105089 #9632] DEBUG -- : TCPServer.new(0.0.0.0, 4000)
D, [2009-12-09T16:29:17.105352 #9632] DEBUG -- : WEBrick::HTTPServlet::FileHandler is mounted on /.
D, [2009-12-09T16:29:17.108489 #9632] DEBUG -- : OMF::ExperimentController::Web::Dashboard::DashboardServlet is mounted on /dashboard/show.
D, [2009-12-09T16:29:17.108584 #9632] DEBUG -- : OMF::ExperimentController::Web::Dashboard::DashboardServlet is mounted on /.
D, [2009-12-09T16:29:17.108669 #9632] DEBUG -- : OMF::ExperimentController::Web::Code::CodeServlet is mounted on /code/show.
D, [2009-12-09T16:29:17.108760 #9632] DEBUG -- : OMF::ExperimentController::Web::Graph::GraphServlet is mounted on /graph/show.
D, [2009-12-09T16:29:17.108836 #9632] DEBUG -- : OMF::ExperimentController::Web::Graph::ConfigServlet is mounted on /graph/config.
D, [2009-12-09T16:29:17.108937 #9632] DEBUG -- : OMF::ExperimentController::Web::Graph::TestDataServlet is mounted on /graph/result.
D, [2009-12-09T16:29:17.109029 #9632] DEBUG -- : OMF::ExperimentController::Web::Log::LogServlet is mounted on /log/show.
D, [2009-12-09T16:29:17.109113 #9632] DEBUG -- : OMF::ExperimentController::Web::Log::LogUpdateServlet is mounted on /log/update.
D, [2009-12-09T16:29:17.109203 #9632] DEBUG -- : OMF::ExperimentController::Web::State::XMLStateServlet is mounted on /xml.
D, [2009-12-09T16:29:17.109290 #9632] DEBUG -- : OMF::ExperimentController::Web::State::XPathServlet is mounted on /xpath.
D, [2009-12-09T16:29:17.109377 #9632] DEBUG -- : OMF::ExperimentController::Web::State::ViewServlet is mounted on /state/show.
D, [2009-12-09T16:29:17.109488 #9632] DEBUG -- : #<WEBrick::HTTPServlet::ProcHandler:0xb6d6d024 @proc=#<Proc:0xb7a32c8c@/usr/lib/ruby/1.8/omf-expctl/web/webServer.rb:109>> is mounted on /exp_id.
D, [2009-12-09T16:29:17.109586 #9632] DEBUG -- : #<WEBrick::HTTPServlet::ProcHandler:0xb6d6b940 @proc=#<Proc:0xb7a32958@/usr/lib/ruby/1.8/omf-expctl/web/webServer.rb:113>> is mounted on /crossdomain.xml.
D, [2009-12-09T16:29:17.109768 #9632] DEBUG -- : WEBrick::HTTPServlet::FileHandler is mounted on /resource.
I, [2009-12-09T16:29:22.113965 #9632]  INFO -- : WEBrick::HTTPServer#start: pid=9632 port=4000
I, [2009-12-09T16:32:03.213224 #9632]  INFO -- : going to shutdown ...
D, [2009-12-09T16:32:03.213380 #9632] DEBUG -- : close TCPSocket(0.0.0.0, 4000)
I, [2009-12-09T16:32:03.213497 #9632]  INFO -- : WEBrick::HTTPServer#start done.
