# Logfile created on Wed Dec 09 16:36:17 -0600 2009 by logger.rb/22285
I, [2009-12-09T16:36:17.882621 #9699]  INFO -- : WEBrick 1.3.1
I, [2009-12-09T16:36:17.882686 #9699]  INFO -- : ruby 1.8.7 (2009-06-12) [i486-linux]
D, [2009-12-09T16:36:22.886626 #9699] DEBUG -- : TCPServer.new(0.0.0.0, 4000)
D, [2009-12-09T16:36:22.886875 #9699] DEBUG -- : WEBrick::HTTPServlet::FileHandler is mounted on /.
D, [2009-12-09T16:36:22.889864 #9699] DEBUG -- : OMF::ExperimentController::Web::Dashboard::DashboardServlet is mounted on /dashboard/show.
D, [2009-12-09T16:36:22.889972 #9699] DEBUG -- : OMF::ExperimentController::Web::Dashboard::DashboardServlet is mounted on /.
D, [2009-12-09T16:36:22.890056 #9699] DEBUG -- : OMF::ExperimentController::Web::Code::CodeServlet is mounted on /code/show.
D, [2009-12-09T16:36:22.890146 #9699] DEBUG -- : OMF::ExperimentController::Web::Graph::GraphServlet is mounted on /graph/show.
D, [2009-12-09T16:36:22.890221 #9699] DEBUG -- : OMF::ExperimentController::Web::Graph::ConfigServlet is mounted on /graph/config.
D, [2009-12-09T16:36:22.890300 #9699] DEBUG -- : OMF::ExperimentController::Web::Graph::TestDataServlet is mounted on /graph/result.
D, [2009-12-09T16:36:22.890397 #9699] DEBUG -- : OMF::ExperimentController::Web::Log::LogServlet is mounted on /log/show.
D, [2009-12-09T16:36:22.890479 #9699] DEBUG -- : OMF::ExperimentController::Web::Log::LogUpdateServlet is mounted on /log/update.
D, [2009-12-09T16:36:22.890568 #9699] DEBUG -- : OMF::ExperimentController::Web::State::XMLStateServlet is mounted on /xml.
D, [2009-12-09T16:36:22.890653 #9699] DEBUG -- : OMF::ExperimentController::Web::State::XPathServlet is mounted on /xpath.
D, [2009-12-09T16:36:22.890737 #9699] DEBUG -- : OMF::ExperimentController::Web::State::ViewServlet is mounted on /state/show.
D, [2009-12-09T16:36:22.890850 #9699] DEBUG -- : #<WEBrick::HTTPServlet::ProcHandler:0xb6ca7130 @proc=#<Proc:0xb796cd20@/usr/lib/ruby/1.8/omf-expctl/web/webServer.rb:109>> is mounted on /exp_id.
D, [2009-12-09T16:36:22.890948 #9699] DEBUG -- : #<WEBrick::HTTPServlet::ProcHandler:0xb6ca5a4c @proc=#<Proc:0xb796c9ec@/usr/lib/ruby/1.8/omf-expctl/web/webServer.rb:113>> is mounted on /crossdomain.xml.
D, [2009-12-09T16:36:22.891129 #9699] DEBUG -- : WEBrick::HTTPServlet::FileHandler is mounted on /resource.
I, [2009-12-09T16:36:27.896042 #9699]  INFO -- : WEBrick::HTTPServer#start: pid=9699 port=4000
I, [2009-12-09T16:39:09.282076 #9699]  INFO -- : going to shutdown ...
D, [2009-12-09T16:39:09.282171 #9699] DEBUG -- : close TCPSocket(0.0.0.0, 4000)
I, [2009-12-09T16:39:09.282299 #9699]  INFO -- : WEBrick::HTTPServer#start done.
